<?xml version="1.0" encoding="UTF-8"?>
<testng-results skipped="0" failed="0" ignored="0" total="1" passed="1">
  <reporter-output>
  </reporter-output>
  <suite name="Default suite" duration-ms="19301" started-at="2020-11-13T18:09:19Z" finished-at="2020-11-13T18:09:39Z">
    <groups>
    </groups>
    <test name="Default test" duration-ms="19301" started-at="2020-11-13T18:09:19Z" finished-at="2020-11-13T18:09:39Z">
      <class name="test.AddCategoryTest">
        <test-method status="PASS" signature="UserShouldBeAbleToAddCategory()[pri:0, instance:test.AddCategoryTest@105fece7]" name="UserShouldBeAbleToAddCategory" duration-ms="19242" started-at="2020-11-13T18:09:19Z" finished-at="2020-11-13T18:09:39Z">
          <reporter-output>
          </reporter-output>
        </test-method> <!-- UserShouldBeAbleToAddCategory -->
      </class> <!-- test.AddCategoryTest -->
    </test> <!-- Default test -->
  </suite> <!-- Default suite -->
</testng-results>
